{"C:\\Users\\admbristol.BRISTOL\\Desktop\\lanchonete\\src\\caixa-da-lanchonete.js": {"path":"C:\\Users\\admbristol.BRISTOL\\Desktop\\lanchonete\\src\\caixa-da-lanchonete.js","all":false,"statementMap":{"0":{"start":{"line":1,"column":0},"end":{"line":1,"column":25}},"1":{"start":{"line":2,"column":0},"end":{"line":2,"column":0}},"2":{"start":{"line":3,"column":0},"end":{"line":3,"column":53}},"3":{"start":{"line":4,"column":0},"end":{"line":4,"column":26}},"4":{"start":{"line":5,"column":0},"end":{"line":5,"column":35}},"5":{"start":{"line":6,"column":0},"end":{"line":6,"column":59}},"6":{"start":{"line":7,"column":0},"end":{"line":7,"column":43}},"7":{"start":{"line":8,"column":0},"end":{"line":8,"column":45}},"8":{"start":{"line":9,"column":0},"end":{"line":9,"column":60}},"9":{"start":{"line":10,"column":0},"end":{"line":10,"column":41}},"10":{"start":{"line":11,"column":0},"end":{"line":11,"column":53}},"11":{"start":{"line":12,"column":0},"end":{"line":12,"column":52}},"12":{"start":{"line":13,"column":0},"end":{"line":13,"column":10}},"13":{"start":{"line":14,"column":0},"end":{"line":14,"column":8}},"14":{"start":{"line":15,"column":0},"end":{"line":15,"column":20}},"15":{"start":{"line":16,"column":0},"end":{"line":16,"column":22}},"16":{"start":{"line":17,"column":0},"end":{"line":17,"column":23}},"17":{"start":{"line":18,"column":0},"end":{"line":18,"column":28}},"18":{"start":{"line":19,"column":0},"end":{"line":19,"column":31}},"19":{"start":{"line":20,"column":0},"end":{"line":20,"column":44}},"20":{"start":{"line":21,"column":0},"end":{"line":21,"column":9}},"21":{"start":{"line":22,"column":0},"end":{"line":22,"column":53}},"22":{"start":{"line":23,"column":0},"end":{"line":23,"column":9}},"23":{"start":{"line":24,"column":0},"end":{"line":24,"column":0}},"24":{"start":{"line":25,"column":0},"end":{"line":25,"column":142}},"25":{"start":{"line":26,"column":0},"end":{"line":26,"column":9}},"26":{"start":{"line":27,"column":0},"end":{"line":27,"column":51}},"27":{"start":{"line":28,"column":0},"end":{"line":28,"column":9}},"28":{"start":{"line":29,"column":0},"end":{"line":29,"column":8}},"29":{"start":{"line":30,"column":0},"end":{"line":30,"column":75}},"30":{"start":{"line":31,"column":0},"end":{"line":31,"column":9}},"31":{"start":{"line":32,"column":0},"end":{"line":32,"column":57}},"32":{"start":{"line":33,"column":0},"end":{"line":33,"column":9}},"33":{"start":{"line":34,"column":0},"end":{"line":34,"column":0}},"34":{"start":{"line":35,"column":0},"end":{"line":35,"column":55}},"35":{"start":{"line":36,"column":0},"end":{"line":36,"column":9}},"36":{"start":{"line":37,"column":0},"end":{"line":37,"column":87}},"37":{"start":{"line":38,"column":0},"end":{"line":38,"column":13}},"38":{"start":{"line":39,"column":0},"end":{"line":39,"column":100}},"39":{"start":{"line":40,"column":0},"end":{"line":40,"column":34}},"40":{"start":{"line":41,"column":0},"end":{"line":41,"column":17}},"41":{"start":{"line":42,"column":0},"end":{"line":42,"column":76}},"42":{"start":{"line":43,"column":0},"end":{"line":43,"column":17}},"43":{"start":{"line":44,"column":0},"end":{"line":44,"column":13}},"44":{"start":{"line":45,"column":0},"end":{"line":45,"column":22}},"45":{"start":{"line":46,"column":0},"end":{"line":46,"column":41}},"46":{"start":{"line":47,"column":0},"end":{"line":47,"column":13}},"47":{"start":{"line":48,"column":0},"end":{"line":48,"column":45}},"48":{"start":{"line":49,"column":0},"end":{"line":49,"column":13}},"49":{"start":{"line":50,"column":0},"end":{"line":50,"column":16}},"50":{"start":{"line":51,"column":0},"end":{"line":51,"column":87}},"51":{"start":{"line":52,"column":0},"end":{"line":52,"column":31}},"52":{"start":{"line":53,"column":0},"end":{"line":53,"column":13}},"53":{"start":{"line":54,"column":0},"end":{"line":54,"column":40}},"54":{"start":{"line":55,"column":0},"end":{"line":55,"column":13}},"55":{"start":{"line":56,"column":0},"end":{"line":56,"column":14}},"56":{"start":{"line":57,"column":0},"end":{"line":57,"column":52}},"57":{"start":{"line":58,"column":0},"end":{"line":58,"column":13}},"58":{"start":{"line":59,"column":0},"end":{"line":59,"column":58}},"59":{"start":{"line":60,"column":0},"end":{"line":60,"column":17}},"60":{"start":{"line":61,"column":0},"end":{"line":61,"column":80}},"61":{"start":{"line":62,"column":0},"end":{"line":62,"column":17}},"62":{"start":{"line":63,"column":0},"end":{"line":63,"column":13}},"63":{"start":{"line":64,"column":0},"end":{"line":64,"column":12}},"64":{"start":{"line":65,"column":0},"end":{"line":65,"column":9}},"65":{"start":{"line":66,"column":0},"end":{"line":66,"column":41}},"66":{"start":{"line":67,"column":0},"end":{"line":67,"column":9}},"67":{"start":{"line":68,"column":0},"end":{"line":68,"column":31}},"68":{"start":{"line":69,"column":0},"end":{"line":69,"column":49}},"69":{"start":{"line":70,"column":0},"end":{"line":70,"column":9}},"70":{"start":{"line":71,"column":0},"end":{"line":71,"column":44}},"71":{"start":{"line":72,"column":0},"end":{"line":72,"column":48}},"72":{"start":{"line":73,"column":0},"end":{"line":73,"column":9}},"73":{"start":{"line":74,"column":0},"end":{"line":74,"column":43}},"74":{"start":{"line":75,"column":0},"end":{"line":75,"column":9}},"75":{"start":{"line":76,"column":0},"end":{"line":76,"column":78}},"76":{"start":{"line":77,"column":0},"end":{"line":77,"column":0}},"77":{"start":{"line":78,"column":0},"end":{"line":78,"column":8}},"78":{"start":{"line":79,"column":0},"end":{"line":79,"column":0}},"79":{"start":{"line":80,"column":0},"end":{"line":80,"column":26}},"80":{"start":{"line":81,"column":0},"end":{"line":81,"column":5}},"81":{"start":{"line":82,"column":0},"end":{"line":82,"column":0}},"82":{"start":{"line":83,"column":0},"end":{"line":83,"column":1}},"83":{"start":{"line":84,"column":0},"end":{"line":84,"column":0}},"84":{"start":{"line":85,"column":0},"end":{"line":85,"column":29}},"85":{"start":{"line":86,"column":0},"end":{"line":86,"column":39}},"86":{"start":{"line":87,"column":0},"end":{"line":87,"column":98}}},"s":{"0":1,"1":1,"2":1,"3":20,"4":20,"5":20,"6":20,"7":20,"8":20,"9":20,"10":20,"11":20,"12":20,"13":20,"14":20,"15":20,"16":20,"17":20,"18":20,"19":20,"20":20,"21":30,"22":30,"23":20,"24":20,"25":20,"26":1,"27":1,"28":19,"29":19,"30":19,"31":3,"32":3,"33":16,"34":16,"35":20,"36":28,"37":28,"38":10,"39":10,"40":10,"41":4,"42":4,"43":10,"44":24,"45":24,"46":28,"47":1,"48":1,"49":23,"50":23,"51":23,"52":28,"53":2,"54":2,"55":21,"56":21,"57":28,"58":168,"59":168,"60":21,"61":21,"62":168,"63":21,"64":21,"65":9,"66":20,"67":3,"68":20,"69":6,"70":3,"71":3,"72":3,"73":3,"74":3,"75":9,"76":9,"77":9,"78":9,"79":9,"80":9,"81":1,"82":1,"83":1,"84":1,"85":1,"86":1},"branchMap":{"0":{"type":"branch","line":3,"loc":{"start":{"line":3,"column":4},"end":{"line":81,"column":5}},"locations":[{"start":{"line":3,"column":4},"end":{"line":81,"column":5}}]},"1":{"type":"branch","line":21,"loc":{"start":{"line":21,"column":8},"end":{"line":23,"column":9}},"locations":[{"start":{"line":21,"column":8},"end":{"line":23,"column":9}}]},"2":{"type":"branch","line":25,"loc":{"start":{"line":25,"column":40},"end":{"line":25,"column":74}},"locations":[{"start":{"line":25,"column":40},"end":{"line":25,"column":74}}]},"3":{"type":"branch","line":25,"loc":{"start":{"line":25,"column":74},"end":{"line":25,"column":109}},"locations":[{"start":{"line":25,"column":74},"end":{"line":25,"column":109}}]},"4":{"type":"branch","line":26,"loc":{"start":{"line":26,"column":8},"end":{"line":28,"column":9}},"locations":[{"start":{"line":26,"column":8},"end":{"line":28,"column":9}}]},"5":{"type":"branch","line":28,"loc":{"start":{"line":28,"column":8},"end":{"line":31,"column":9}},"locations":[{"start":{"line":28,"column":8},"end":{"line":31,"column":9}}]},"6":{"type":"branch","line":31,"loc":{"start":{"line":31,"column":8},"end":{"line":33,"column":9}},"locations":[{"start":{"line":31,"column":8},"end":{"line":33,"column":9}}]},"7":{"type":"branch","line":33,"loc":{"start":{"line":33,"column":8},"end":{"line":35,"column":55}},"locations":[{"start":{"line":33,"column":8},"end":{"line":35,"column":55}}]},"8":{"type":"branch","line":36,"loc":{"start":{"line":36,"column":8},"end":{"line":65,"column":9}},"locations":[{"start":{"line":36,"column":8},"end":{"line":65,"column":9}}]},"9":{"type":"branch","line":37,"loc":{"start":{"line":37,"column":49},"end":{"line":37,"column":85}},"locations":[{"start":{"line":37,"column":49},"end":{"line":37,"column":85}}]},"10":{"type":"branch","line":38,"loc":{"start":{"line":38,"column":12},"end":{"line":44,"column":13}},"locations":[{"start":{"line":38,"column":12},"end":{"line":44,"column":13}}]},"11":{"type":"branch","line":41,"loc":{"start":{"line":41,"column":16},"end":{"line":43,"column":17}},"locations":[{"start":{"line":41,"column":16},"end":{"line":43,"column":17}}]},"12":{"type":"branch","line":44,"loc":{"start":{"line":44,"column":12},"end":{"line":46,"column":41}},"locations":[{"start":{"line":44,"column":12},"end":{"line":46,"column":41}}]},"13":{"type":"branch","line":47,"loc":{"start":{"line":47,"column":12},"end":{"line":49,"column":13}},"locations":[{"start":{"line":47,"column":12},"end":{"line":49,"column":13}}]},"14":{"type":"branch","line":49,"loc":{"start":{"line":49,"column":12},"end":{"line":52,"column":31}},"locations":[{"start":{"line":49,"column":12},"end":{"line":52,"column":31}}]},"15":{"type":"branch","line":53,"loc":{"start":{"line":53,"column":12},"end":{"line":55,"column":13}},"locations":[{"start":{"line":53,"column":12},"end":{"line":55,"column":13}}]},"16":{"type":"branch","line":55,"loc":{"start":{"line":55,"column":12},"end":{"line":57,"column":52}},"locations":[{"start":{"line":55,"column":12},"end":{"line":57,"column":52}}]},"17":{"type":"branch","line":58,"loc":{"start":{"line":58,"column":12},"end":{"line":63,"column":13}},"locations":[{"start":{"line":58,"column":12},"end":{"line":63,"column":13}}]},"18":{"type":"branch","line":60,"loc":{"start":{"line":60,"column":16},"end":{"line":62,"column":17}},"locations":[{"start":{"line":60,"column":16},"end":{"line":62,"column":17}}]},"19":{"type":"branch","line":63,"loc":{"start":{"line":63,"column":12},"end":{"line":65,"column":9}},"locations":[{"start":{"line":63,"column":12},"end":{"line":65,"column":9}}]},"20":{"type":"branch","line":65,"loc":{"start":{"line":65,"column":8},"end":{"line":66,"column":41}},"locations":[{"start":{"line":65,"column":8},"end":{"line":66,"column":41}}]},"21":{"type":"branch","line":67,"loc":{"start":{"line":67,"column":8},"end":{"line":69,"column":9}},"locations":[{"start":{"line":67,"column":8},"end":{"line":69,"column":9}}]},"22":{"type":"branch","line":69,"loc":{"start":{"line":69,"column":9},"end":{"line":75,"column":9}},"locations":[{"start":{"line":69,"column":9},"end":{"line":75,"column":9}}]},"23":{"type":"branch","line":70,"loc":{"start":{"line":70,"column":8},"end":{"line":75,"column":9}},"locations":[{"start":{"line":70,"column":8},"end":{"line":75,"column":9}}]},"24":{"type":"branch","line":75,"loc":{"start":{"line":75,"column":8},"end":{"line":81,"column":5}},"locations":[{"start":{"line":75,"column":8},"end":{"line":81,"column":5}}]}},"b":{"0":[20],"1":[30],"2":[14],"3":[7],"4":[1],"5":[19],"6":[3],"7":[16],"8":[28],"9":[25],"10":[10],"11":[4],"12":[24],"13":[1],"14":[23],"15":[2],"16":[21],"17":[168],"18":[21],"19":[21],"20":[9],"21":[3],"22":[6],"23":[3],"24":[9]},"fnMap":{"0":{"name":"calcularValorDaCompra","decl":{"start":{"line":3,"column":4},"end":{"line":81,"column":5}},"loc":{"start":{"line":3,"column":4},"end":{"line":81,"column":5}},"line":3}},"f":{"0":20}}
,"C:\\Users\\admbristol.BRISTOL\\Desktop\\lanchonete\\src\\metodos.js": {"path":"C:\\Users\\admbristol.BRISTOL\\Desktop\\lanchonete\\src\\metodos.js","all":false,"statementMap":{"0":{"start":{"line":1,"column":0},"end":{"line":1,"column":15}},"1":{"start":{"line":2,"column":0},"end":{"line":2,"column":0}},"2":{"start":{"line":3,"column":0},"end":{"line":3,"column":35}},"3":{"start":{"line":4,"column":0},"end":{"line":4,"column":5}},"4":{"start":{"line":5,"column":0},"end":{"line":5,"column":23}},"5":{"start":{"line":6,"column":0},"end":{"line":6,"column":0}},"6":{"start":{"line":7,"column":0},"end":{"line":7,"column":48}},"7":{"start":{"line":8,"column":0},"end":{"line":8,"column":9}},"8":{"start":{"line":9,"column":0},"end":{"line":9,"column":119}},"9":{"start":{"line":10,"column":0},"end":{"line":10,"column":13}},"10":{"start":{"line":11,"column":0},"end":{"line":11,"column":27}},"11":{"start":{"line":12,"column":0},"end":{"line":12,"column":13}},"12":{"start":{"line":13,"column":0},"end":{"line":13,"column":9}},"13":{"start":{"line":14,"column":0},"end":{"line":14,"column":21}},"14":{"start":{"line":15,"column":0},"end":{"line":15,"column":5}},"15":{"start":{"line":16,"column":0},"end":{"line":16,"column":0}},"16":{"start":{"line":17,"column":0},"end":{"line":17,"column":31}},"17":{"start":{"line":18,"column":0},"end":{"line":18,"column":5}},"18":{"start":{"line":19,"column":0},"end":{"line":19,"column":23}},"19":{"start":{"line":20,"column":0},"end":{"line":20,"column":48}},"20":{"start":{"line":21,"column":0},"end":{"line":21,"column":9}},"21":{"start":{"line":22,"column":0},"end":{"line":22,"column":38}},"22":{"start":{"line":23,"column":0},"end":{"line":23,"column":13}},"23":{"start":{"line":24,"column":0},"end":{"line":24,"column":27}},"24":{"start":{"line":25,"column":0},"end":{"line":25,"column":13}},"25":{"start":{"line":26,"column":0},"end":{"line":26,"column":9}},"26":{"start":{"line":27,"column":0},"end":{"line":27,"column":22}},"27":{"start":{"line":28,"column":0},"end":{"line":28,"column":5}},"28":{"start":{"line":29,"column":0},"end":{"line":29,"column":1}},"29":{"start":{"line":30,"column":0},"end":{"line":30,"column":0}},"30":{"start":{"line":31,"column":0},"end":{"line":31,"column":18}}},"s":{"0":1,"1":1,"2":1,"3":10,"4":10,"5":10,"6":10,"7":10,"8":23,"9":23,"10":6,"11":6,"12":23,"13":10,"14":10,"15":1,"16":1,"17":23,"18":23,"19":23,"20":23,"21":184,"22":184,"23":21,"24":21,"25":184,"26":23,"27":23,"28":1,"29":1,"30":1},"branchMap":{"0":{"type":"branch","line":3,"loc":{"start":{"line":3,"column":4},"end":{"line":15,"column":5}},"locations":[{"start":{"line":3,"column":4},"end":{"line":15,"column":5}}]},"1":{"type":"branch","line":8,"loc":{"start":{"line":8,"column":8},"end":{"line":13,"column":9}},"locations":[{"start":{"line":8,"column":8},"end":{"line":13,"column":9}}]},"2":{"type":"branch","line":9,"loc":{"start":{"line":9,"column":34},"end":{"line":9,"column":62}},"locations":[{"start":{"line":9,"column":34},"end":{"line":9,"column":62}}]},"3":{"type":"branch","line":9,"loc":{"start":{"line":9,"column":62},"end":{"line":9,"column":118}},"locations":[{"start":{"line":9,"column":62},"end":{"line":9,"column":118}}]},"4":{"type":"branch","line":9,"loc":{"start":{"line":9,"column":84},"end":{"line":9,"column":118}},"locations":[{"start":{"line":9,"column":84},"end":{"line":9,"column":118}}]},"5":{"type":"branch","line":10,"loc":{"start":{"line":10,"column":12},"end":{"line":12,"column":13}},"locations":[{"start":{"line":10,"column":12},"end":{"line":12,"column":13}}]},"6":{"type":"branch","line":17,"loc":{"start":{"line":17,"column":4},"end":{"line":28,"column":5}},"locations":[{"start":{"line":17,"column":4},"end":{"line":28,"column":5}}]},"7":{"type":"branch","line":21,"loc":{"start":{"line":21,"column":8},"end":{"line":26,"column":9}},"locations":[{"start":{"line":21,"column":8},"end":{"line":26,"column":9}}]},"8":{"type":"branch","line":23,"loc":{"start":{"line":23,"column":12},"end":{"line":25,"column":13}},"locations":[{"start":{"line":23,"column":12},"end":{"line":25,"column":13}}]}},"b":{"0":[10],"1":[23],"2":[5],"3":[22],"4":[18],"5":[6],"6":[23],"7":[184],"8":[21]},"fnMap":{"0":{"name":"validaItemExtra","decl":{"start":{"line":3,"column":4},"end":{"line":15,"column":5}},"loc":{"start":{"line":3,"column":4},"end":{"line":15,"column":5}},"line":3},"1":{"name":"validaItens","decl":{"start":{"line":17,"column":4},"end":{"line":28,"column":5}},"loc":{"start":{"line":17,"column":4},"end":{"line":28,"column":5}},"line":17}},"f":{"0":10,"1":23}}
}
