TN:
SF:src\caixa-da-lanchonete.js
FN:3,calcularValorDaCompra
FNF:1
FNH:1
FNDA:20,calcularValorDaCompra
DA:1,1
DA:2,1
DA:3,1
DA:4,20
DA:5,20
DA:6,20
DA:7,20
DA:8,20
DA:9,20
DA:10,20
DA:11,20
DA:12,20
DA:13,20
DA:14,20
DA:15,20
DA:16,20
DA:17,20
DA:18,20
DA:19,20
DA:20,20
DA:21,20
DA:22,30
DA:23,30
DA:24,20
DA:25,20
DA:26,20
DA:27,1
DA:28,1
DA:29,19
DA:30,19
DA:31,19
DA:32,3
DA:33,3
DA:34,16
DA:35,16
DA:36,20
DA:37,28
DA:38,28
DA:39,10
DA:40,10
DA:41,10
DA:42,4
DA:43,4
DA:44,10
DA:45,24
DA:46,24
DA:47,28
DA:48,1
DA:49,1
DA:50,23
DA:51,23
DA:52,23
DA:53,28
DA:54,2
DA:55,2
DA:56,21
DA:57,21
DA:58,28
DA:59,168
DA:60,168
DA:61,21
DA:62,21
DA:63,168
DA:64,21
DA:65,21
DA:66,9
DA:67,20
DA:68,3
DA:69,20
DA:70,6
DA:71,3
DA:72,3
DA:73,3
DA:74,3
DA:75,3
DA:76,9
DA:77,9
DA:78,9
DA:79,9
DA:80,9
DA:81,9
DA:82,1
DA:83,1
DA:84,1
DA:85,1
DA:86,1
DA:87,1
LF:87
LH:87
BRDA:3,0,0,20
BRDA:21,1,0,30
BRDA:25,2,0,14
BRDA:25,3,0,7
BRDA:26,4,0,1
BRDA:28,5,0,19
BRDA:31,6,0,3
BRDA:33,7,0,16
BRDA:36,8,0,28
BRDA:37,9,0,25
BRDA:38,10,0,10
BRDA:41,11,0,4
BRDA:44,12,0,24
BRDA:47,13,0,1
BRDA:49,14,0,23
BRDA:53,15,0,2
BRDA:55,16,0,21
BRDA:58,17,0,168
BRDA:60,18,0,21
BRDA:63,19,0,21
BRDA:65,20,0,9
BRDA:67,21,0,3
BRDA:69,22,0,6
BRDA:70,23,0,3
BRDA:75,24,0,9
BRF:25
BRH:25
end_of_record
TN:
SF:src\metodos.js
FN:3,validaItemExtra
FN:17,validaItens
FNF:2
FNH:2
FNDA:10,validaItemExtra
FNDA:23,validaItens
DA:1,1
DA:2,1
DA:3,1
DA:4,10
DA:5,10
DA:6,10
DA:7,10
DA:8,10
DA:9,23
DA:10,23
DA:11,6
DA:12,6
DA:13,23
DA:14,10
DA:15,10
DA:16,1
DA:17,1
DA:18,23
DA:19,23
DA:20,23
DA:21,23
DA:22,184
DA:23,184
DA:24,21
DA:25,21
DA:26,184
DA:27,23
DA:28,23
DA:29,1
DA:30,1
DA:31,1
LF:31
LH:31
BRDA:3,0,0,10
BRDA:8,1,0,23
BRDA:9,2,0,5
BRDA:9,3,0,22
BRDA:9,4,0,18
BRDA:10,5,0,6
BRDA:17,6,0,23
BRDA:21,7,0,184
BRDA:23,8,0,21
BRF:9
BRH:9
end_of_record
